<?xml version="1.0" encoding="UTF-8"?>
<testsuite xmlns:xsi="http://www.w3.org/2001/XMLSchema-instance" xsi:noNamespaceSchemaLocation="https://maven.apache.org/surefire/maven-surefire-plugin/xsd/surefire-test-report.xsd" name="com.training.junit.BankAccountParallelExecutionTest" time="1.791" tests="3" errors="0" skipped="0" failures="0">
  <properties>
[...]
</properties>
  <testcase name="testDeposit1{BankAccount}" classname="com.training.junit.BankAccountParallelExecutionTest" time="1.586"/>
  <testcase name="testDeposi3{BankAccount}" classname="com.training.junit.BankAccountParallelExecutionTest" time="1.586"/>
  <testcase name="testDeposit2{BankAccount}" classname="com.training.junit.BankAccountParallelExecutionTest" time="1.586"/>
</testsuite>